
> build
> vite build

vite v7.3.1 building client environment for production...
[plugin @laravel/vite-plugin-wayfinder] Types generated for actions, routes, form variants
transforming...
✓ 10659 modules transformed.
Circular chunk: radix -> vendor -> radix. Please adjust the manual chunk logic for these chunks.
resources/js/lib/browserCompatibilityManager.ts (96:12): Use of eval in "resources/js/lib/browserCompatibilityManager.ts" is strongly discouraged as it poses security risks and may cause issues with minification.
rendering chunks...
computing gzip size...
public/build/manifest.json                           79.55 kB │ gzip:   6.16 kB
public/build/css/app-DcsSS_wE.css                   234.74 kB │ gzip:  33.74 kB
public/build/js/utils-Bp3x8u4L.js                     0.19 kB │ gzip:   0.16 kB
public/build/js/demo-one-L_DqiXca.js                  0.30 kB │ gzip:   0.25 kB
public/build/js/index-xj4Y3pCQ.js                     0.37 kB │ gzip:   0.22 kB
public/build/js/input-error-28ffyu3b.js               0.44 kB │ gzip:   0.32 kB
public/build/js/spinner-omLKECxA.js                   0.45 kB │ gzip:   0.33 kB
public/build/js/label-B2EBfIJf.js                     0.58 kB │ gzip:   0.39 kB
public/build/js/text-link-hcJZ3ze7.js                 0.60 kB │ gzip:   0.40 kB
public/build/js/textarea-jMhjouwh.js                  0.73 kB │ gzip:   0.46 kB
public/build/js/separator-B-_xYyyb.js                 0.76 kB │ gzip:   0.45 kB
public/build/js/progress-B9jjfZtv.js                  0.77 kB │ gzip:   0.50 kB
public/build/js/input-CMiEvRKH.js                     0.85 kB │ gzip:   0.51 kB
public/build/js/Create-Dlb4sVPc.js                    1.01 kB │ gzip:   0.58 kB
public/build/js/checkbox-BH-wO7Uy.js                  1.02 kB │ gzip:   0.60 kB
public/build/js/switch-CW39NAgE.js                    1.18 kB │ gzip:   0.64 kB
public/build/js/Create-DFfU9NOK.js                    1.19 kB │ gzip:   0.65 kB
public/build/js/Create-CtKVr8OG.js                    1.20 kB │ gzip:   0.67 kB
public/build/js/Edit-CGPJWqBU.js                      1.21 kB │ gzip:   0.71 kB
public/build/js/Create-D6CEt4wh.js                    1.29 kB │ gzip:   0.71 kB
public/build/js/Edit-Cgmced01.js                      1.35 kB │ gzip:   0.78 kB
public/build/js/verify-email-buvSiPSS.js              1.41 kB │ gzip:   0.78 kB
public/build/js/Edit-BXcspRNJ.js                      1.41 kB │ gzip:   0.79 kB
public/build/js/Create-D_bmBLBO.js                    1.41 kB │ gzip:   0.77 kB
public/build/js/confirm-password-oQNqzP5N.js          1.47 kB │ gzip:   0.75 kB
public/build/js/Create-B1edajKy.js                    1.47 kB │ gzip:   0.79 kB
public/build/js/badge-NCy-kmyX.js                     1.48 kB │ gzip:   0.75 kB
public/build/js/Edit-C9tdi0Ql.js                      1.49 kB │ gzip:   0.83 kB
public/build/js/index-DpEHwnWm.js                     1.50 kB │ gzip:   0.52 kB
public/build/js/button-D3DrbXY-.js                    1.55 kB │ gzip:   0.80 kB
public/build/js/Edit-C0ziM0fm.js                      1.57 kB │ gzip:   0.86 kB
public/build/js/Upload-CXA9OJW3.js                    1.60 kB │ gzip:   0.78 kB
public/build/js/Edit-CTKINhYF.js                      1.60 kB │ gzip:   0.88 kB
public/build/js/alert-BENnQWNw.js                     1.64 kB │ gzip:   0.73 kB
public/build/js/scroll-area-BtXgPPOH.js               1.67 kB │ gzip:   0.81 kB
public/build/js/analytics-DEf47Syv.js                 1.74 kB │ gzip:   0.91 kB
public/build/js/forgot-password-D8wr2DKn.js           2.04 kB │ gzip:   0.97 kB
public/build/js/tabs-MMW1vs-X.js                      2.09 kB │ gzip:   0.72 kB
public/build/js/card-BGsQTMOk.js                      2.26 kB │ gzip:   0.54 kB
public/build/js/table-DigtE_zh.js                     2.29 kB │ gzip:   0.62 kB
public/build/js/PageTransition-BZvRTmV_.js            2.33 kB │ gzip:   1.06 kB
public/build/js/reset-password-yJJrOvwO.js            2.34 kB │ gzip:   0.97 kB
public/build/js/DynamicPage--5sSv9Nu.js               2.50 kB │ gzip:   1.33 kB
public/build/js/auth-layout-DCangZQ-.js               2.72 kB │ gzip:   1.27 kB
public/build/js/index-B-MEeCeJ.js                     2.76 kB │ gzip:   0.71 kB
public/build/js/dashboard-DdqDf35H.js                 2.78 kB │ gzip:   1.05 kB
public/build/js/register-DpRC9SbP.js                  2.80 kB │ gzip:   1.10 kB
public/build/js/login-B6gg-FSz.js                     2.91 kB │ gzip:   1.31 kB
public/build/js/two-factor-challenge-BBnWflnM.js      2.97 kB │ gzip:   1.40 kB
public/build/js/dropdown-menu-CzwOtP60.js             3.37 kB │ gzip:   1.21 kB
public/build/js/Feature108-De6UQOu0.js                3.57 kB │ gzip:   1.67 kB
public/build/js/ScrollAnimationBlock-Bf8Gg07G.js      3.72 kB │ gzip:   1.69 kB
public/build/js/layout-CnjkQCOR.js                    3.74 kB │ gzip:   1.33 kB
public/build/js/AnimatedSection-DMrzyyO5.js           3.89 kB │ gzip:   1.79 kB
public/build/js/Index-CxLhUJOR.js                     3.95 kB │ gzip:   1.67 kB
public/build/js/AnimatedShaderHeroDemo-BsXjvex5.js    4.00 kB │ gzip:   1.61 kB
public/build/js/password-CMmfyNBw.js                  4.04 kB │ gzip:   1.47 kB
public/build/js/use-two-factor-auth-CKasy8yK.js       4.09 kB │ gzip:   1.75 kB
public/build/js/dialog-BZQWGuGj.js                    4.11 kB │ gzip:   1.27 kB
public/build/js/Index-57CvznV6.js                     4.13 kB │ gzip:   1.63 kB
public/build/js/index-90QfJKnY.js                     4.13 kB │ gzip:   0.83 kB
public/build/js/AccessDenied-CpZezk2H.js              4.15 kB │ gzip:   1.70 kB
public/build/js/ScrollAnimationEditor-DewM0daQ.js     4.17 kB │ gzip:   1.78 kB
public/build/js/Index-a6W4q-Kd.js                     4.39 kB │ gzip:   1.68 kB
public/build/js/Index-BYbnOK62.js                     4.49 kB │ gzip:   1.64 kB
public/build/js/appearance-BwY0u4me.js                4.53 kB │ gzip:   2.07 kB
public/build/js/ComponentImporter-CsWRoK0V.js         4.63 kB │ gzip:   1.84 kB
public/build/js/Index-Bb4RtSi3.js                     4.67 kB │ gzip:   1.74 kB
public/build/js/Index-Bv_rfApR.js                     4.69 kB │ gzip:   1.75 kB
public/build/js/Error-BWrtXm3L.js                     4.70 kB │ gzip:   2.14 kB
public/build/js/app-layout-DE4HWByE.js                4.86 kB │ gzip:   1.92 kB
public/build/js/KimiHeroSection-DnJFem9p.js           4.97 kB │ gzip:   2.23 kB
public/build/js/ConnectEditor-DGFiBv7y.js             5.04 kB │ gzip:   2.05 kB
public/build/js/AdvancedDataTable-BiLGIyDl.js         5.05 kB │ gzip:   2.13 kB
public/build/js/select-DxHQRQUU.js                    5.25 kB │ gzip:   1.72 kB
public/build/js/Index-O7Qq3u-D.js                     5.44 kB │ gzip:   2.11 kB
public/build/js/Index-Bq9KWE2o.js                     5.54 kB │ gzip:   2.10 kB
public/build/js/Home-lKpVvOHz.js                      5.70 kB │ gzip:   2.50 kB
public/build/js/Feature108Editor-DvQdFCFL.js          5.91 kB │ gzip:   2.24 kB
public/build/js/Index-D8NMDzma.js                     6.09 kB │ gzip:   2.45 kB
public/build/js/FlipRevealBlock-DwxSIqc9.js           6.29 kB │ gzip:   2.68 kB
public/build/js/Dashboard-CPSBqsTL.js                 6.36 kB │ gzip:   1.89 kB
public/build/js/Index-DizrrDZ3.js                     6.43 kB │ gzip:   2.39 kB
public/build/js/CarouselEditor-BMK0Hkzh.js            6.45 kB │ gzip:   2.47 kB
public/build/js/testimonial-v2-BECnq2Mt.js            6.49 kB │ gzip:   2.79 kB
public/build/js/AdminLayout-BnrNtI67.js               6.62 kB │ gzip:   2.52 kB
public/build/js/Create-PJPkM4YW.js                    6.63 kB │ gzip:   2.62 kB
public/build/js/FlipRevealBlockEditor-uvCcOEPN.js     6.65 kB │ gzip:   2.62 kB
public/build/js/index-D8RF21Gy.js                     6.66 kB │ gzip:   1.34 kB
public/build/js/CarouselBlock-CJ_7F5Yg.js             6.82 kB │ gzip:   2.98 kB
public/build/js/SeoHead-D-SSHuLo.js                   6.86 kB │ gzip:   2.94 kB
public/build/js/RoleForm-D_4WhLQk.js                  7.83 kB │ gzip:   3.14 kB
public/build/js/ThemeStyles-CZbGvgET.js               8.01 kB │ gzip:   3.00 kB
public/build/js/Team-CcRYPYoP.js                      8.04 kB │ gzip:   2.57 kB
public/build/js/Edit-DX0W7OZ0.js                      8.34 kB │ gzip:   3.49 kB
public/build/js/Show-Cl6kccFr.js                      8.48 kB │ gzip:   3.21 kB
public/build/js/apple-cards-carousel-D11-yeGK.js      8.53 kB │ gzip:   3.42 kB
public/build/js/Show-Cs5LK53u.js                      8.73 kB │ gzip:   3.06 kB
public/build/js/accessibilityManager-B8glcpdm.js      8.78 kB │ gzip:   2.50 kB
public/build/js/Portfolio-D1pXBwLv.js                 9.53 kB │ gzip:   3.05 kB
public/build/js/UserForm-CsLIfKZU.js                  9.57 kB │ gzip:   3.76 kB
public/build/js/Services-Rmp7jukY.js                  9.61 kB │ gzip:   3.12 kB
public/build/js/Index-5N2mGiPe.js                     9.84 kB │ gzip:   3.68 kB
public/build/js/Form-d8-Nh2tR.js                      9.88 kB │ gzip:   3.79 kB
public/build/js/WebCoreVitals-Dau2dgkm.js             9.89 kB │ gzip:   2.81 kB
public/build/js/profile-1o9etSek.js                   9.95 kB │ gzip:   3.80 kB
public/build/js/MediaUpload-v44S5Ux2.js              10.53 kB │ gzip:   4.37 kB
public/build/js/Show-CkPh5fB5.js                     10.59 kB │ gzip:   3.77 kB
public/build/js/Blog-D0h256B9.js                     10.78 kB │ gzip:   3.70 kB
public/build/js/MediaLibrary-BRGq-X2x.js             10.98 kB │ gzip:   3.45 kB
public/build/js/animated-shader-hero-vmdFV9Hs.js     11.12 kB │ gzip:   4.24 kB
public/build/js/KimiHeroEditor-BJJb_OTp.js           11.28 kB │ gzip:   3.96 kB
public/build/js/Index-Kl7HJNVq.js                    11.35 kB │ gzip:   4.19 kB
public/build/js/ConnectBlock-DZL4_kv5.js             11.58 kB │ gzip:   4.63 kB
public/build/js/Show-Re2bSE3I.js                     13.28 kB │ gzip:   4.30 kB
public/build/js/ImageSeo-w7IqpKXs.js                 13.43 kB │ gzip:   3.35 kB
public/build/js/Analytics-BqJKpgiK.js                14.09 kB │ gzip:   4.77 kB
public/build/js/two-factor-DZRoCCb0.js               14.28 kB │ gzip:   5.21 kB
public/build/js/Form-tLuIFr-T.js                     14.56 kB │ gzip:   5.44 kB
public/build/js/Contact-JhPBosuW.js                  19.97 kB │ gzip:   5.46 kB
public/build/js/Form-BDYcVWNY.js                     22.26 kB │ gzip:   7.73 kB
public/build/js/Index-DADstJ3s.js                    24.98 kB │ gzip:   8.21 kB
public/build/js/Show-DOH4R7fj.js                     25.13 kB │ gzip:   8.06 kB
public/build/js/RichTextEditor-B8yNoKj3.js           27.40 kB │ gzip:   9.90 kB
public/build/js/breadcrumbs-DSO1VpB6.js              28.42 kB │ gzip:   7.73 kB
public/build/js/Dashboard-4FFklBVz.js                30.37 kB │ gzip:   8.95 kB
public/build/js/Form-BbOREhes.js                     35.92 kB │ gzip:  10.84 kB
public/build/js/app-I1RCQfay.js                      37.77 kB │ gzip:  11.70 kB
public/build/js/Documentation-phY6rX7b.js            38.89 kB │ gzip:   9.03 kB
public/build/js/MainLayout-CQd-94tS.js               41.59 kB │ gzip:  13.34 kB
public/build/js/useAnimations-YFwEYCqm.js            43.21 kB │ gzip:  11.46 kB
public/build/js/radix-8yDmqlbz.js                   114.82 kB │ gzip:  31.75 kB
public/build/js/animations-BWi1ITJA.js              133.75 kB │ gzip:  44.63 kB
public/build/js/BlockRenderer-DDQCmftp.js           139.22 kB │ gzip:  40.27 kB
public/build/js/gsap-BZe_zihB.js                    142.01 kB │ gzip:  55.41 kB
public/build/js/Edit-DYKgFimj.js                    163.31 kB │ gzip:  41.52 kB
public/build/js/charts-CAUDfJSJ.js                  219.46 kB │ gzip:  57.38 kB
public/build/js/editor-CImeMxlA.js                  349.17 kB │ gzip: 105.08 kB
public/build/js/icons-BApzHKMd.js                   527.83 kB │ gzip: 141.14 kB
public/build/js/vendor-7aJetFUp.js                  938.73 kB │ gzip: 308.03 kB

(!) Some chunks are larger than 500 kB after minification. Consider:
- Using dynamic import() to code-split the application
- Use build.rollupOptions.output.manualChunks to improve chunking: https://rollupjs.org/configuration-options/#output-manualchunks
- Adjust chunk size limit for this warning via build.chunkSizeWarningLimit.
✓ built in 32.39s
